<?xml version="1.0" encoding="UTF-8"?>
<!-- Generated by org.testng.reporters.JUnitXMLReporter -->
<testsuite ignored="45" hostname="LAPTOP-8KATJP3L" failures="1" tests="1" name="Test1" time="76.222" errors="0" timestamp="11 Oct 2022 07:02:56 GMT">
  <testcase classname="com.absli.testcases.HealthDetailsTest" name="ValidationHealthOfFamilyBrotherLivingWeb" time="44.72">
    <failure type="org.openqa.selenium.NoSuchElementException" message="no such element: Unable to locate element: {&amp;quot;method&amp;quot;:&amp;quot;xpath&amp;quot;,&amp;quot;selector&amp;quot;:&amp;quot;(//span[contains(text(),&amp;apos;NEXT&amp;apos;)])[1]&amp;quot;}
  (Session info: chrome=105.0.5195.127)
For documentation on this error, please visit: http://seleniumhq.org/exceptions/no_such_element.html
Build info: version: &amp;apos;3.14.0&amp;apos;, revision: &amp;apos;aacccce0&amp;apos;, time: &amp;apos;2018-08-02T20:19:58.91Z&amp;apos;
System info: host: &amp;apos;LAPTOP-8KATJP3L&amp;apos;, ip: &amp;apos;192.168.214.173&amp;apos;, os.name: &amp;apos;Windows 11&amp;apos;, os.arch: &amp;apos;amd64&amp;apos;, os.version: &amp;apos;10.0&amp;apos;, java.version: &amp;apos;18.0.2&amp;apos;
Driver info: org.openqa.selenium.chrome.ChromeDriver
Capabilities {acceptInsecureCerts: false, browserName: chrome, browserVersion: 105.0.5195.127, chrome: {chromedriverVersion: 105.0.5195.52 (412c95e51883..., userDataDir: C:\Users\Admin\AppData\Loca...}, goog:chromeOptions: {debuggerAddress: localhost:52480}, javascriptEnabled: true, networkConnectionEnabled: false, pageLoadStrategy: normal, platform: WINDOWS, platformName: WINDOWS, proxy: Proxy(), setWindowRect: true, strictFileInteractability: false, timeouts: {implicit: 0, pageLoad: 300000, script: 30000}, unhandledPromptBehavior: dismiss and notify, webauthn:extension:credBlob: true, webauthn:extension:largeBlob: true, webauthn:virtualAuthenticators: true}
Session ID: d0af197ba255b17387b445239b4a97ff
*** Element info: {Using=xpath, value=(//span[contains(text(),&amp;apos;NEXT&amp;apos;)])[1]}">
      <![CDATA[org.openqa.selenium.NoSuchElementException: no such element: Unable to locate element: {"method":"xpath","selector":"(//span[contains(text(),'NEXT')])[1]"}
  (Session info: chrome=105.0.5195.127)
For documentation on this error, please visit: http://seleniumhq.org/exceptions/no_such_element.html
Build info: version: '3.14.0', revision: 'aacccce0', time: '2018-08-02T20:19:58.91Z'
System info: host: 'LAPTOP-8KATJP3L', ip: '192.168.214.173', os.name: 'Windows 11', os.arch: 'amd64', os.version: '10.0', java.version: '18.0.2'
Driver info: org.openqa.selenium.chrome.ChromeDriver
Capabilities {acceptInsecureCerts: false, browserName: chrome, browserVersion: 105.0.5195.127, chrome: {chromedriverVersion: 105.0.5195.52 (412c95e51883..., userDataDir: C:\Users\Admin\AppData\Loca...}, goog:chromeOptions: {debuggerAddress: localhost:52480}, javascriptEnabled: true, networkConnectionEnabled: false, pageLoadStrategy: normal, platform: WINDOWS, platformName: WINDOWS, proxy: Proxy(), setWindowRect: true, strictFileInteractability: false, timeouts: {implicit: 0, pageLoad: 300000, script: 30000}, unhandledPromptBehavior: dismiss and notify, webauthn:extension:credBlob: true, webauthn:extension:largeBlob: true, webauthn:virtualAuthenticators: true}
Session ID: d0af197ba255b17387b445239b4a97ff
*** Element info: {Using=xpath, value=(//span[contains(text(),'NEXT')])[1]}
	at org.openqa.selenium.remote.http.W3CHttpResponseCodec.createException(W3CHttpResponseCodec.java:187)
	at org.openqa.selenium.remote.http.W3CHttpResponseCodec.decode(W3CHttpResponseCodec.java:122)
	at org.openqa.selenium.remote.http.W3CHttpResponseCodec.decode(W3CHttpResponseCodec.java:49)
	at org.openqa.selenium.remote.HttpCommandExecutor.execute(HttpCommandExecutor.java:158)
	at org.openqa.selenium.remote.service.DriverCommandExecutor.execute(DriverCommandExecutor.java:83)
	at org.openqa.selenium.remote.RemoteWebDriver.execute(RemoteWebDriver.java:548)
	at org.openqa.selenium.remote.RemoteWebDriver.findElement(RemoteWebDriver.java:322)
	at org.openqa.selenium.remote.RemoteWebDriver.findElementByXPath(RemoteWebDriver.java:424)
	at org.openqa.selenium.By$ByXPath.findElement(By.java:353)
	at org.openqa.selenium.remote.RemoteWebDriver.findElement(RemoteWebDriver.java:314)
	at com.absli.pageObjects.CustomerProfile.customerProfileNEXTButtonClick(CustomerProfile.java:304)
	at Utils.TestFactory.gotoHealthDetailweb(TestFactory.java:334)
	at com.absli.testcases.HealthDetailsTest.ValidationHealthOfFamilyBrotherLivingWeb(HealthDetailsTest.java:3398)
... Removed 26 stack frames]]>
    </failure>
  </testcase> <!-- ValidationHealthOfFamilyBrotherLivingWeb -->
  <testcase classname="com.absli.testcases.HealthDetailsTest" name="VerifyMedicalAilmentsQuestion8EyeEarWeb" time="0.0">
    <ignored/>
  </testcase> <!-- VerifyMedicalAilmentsQuestion8EyeEarWeb -->
  <testcase classname="com.absli.testcases.HealthDetailsTest" name="VerifyMedicalHistoryHospitalizationWeb" time="0.0">
    <ignored/>
  </testcase> <!-- VerifyMedicalHistoryHospitalizationWeb -->
  <testcase classname="com.absli.testcases.HealthDetailsTest" name="ValidationOfAllTitleCardAndSymptomsOnCovidPageWeb" time="0.0">
    <ignored/>
  </testcase> <!-- ValidationOfAllTitleCardAndSymptomsOnCovidPageWeb -->
  <testcase classname="com.absli.testcases.HealthDetailsTest" name="VerifyMedicalAilments1AllTabExceptHeartIssueWeb" time="0.0">
    <ignored/>
  </testcase> <!-- VerifyMedicalAilments1AllTabExceptHeartIssueWeb -->
  <testcase classname="com.absli.testcases.HealthDetailsTest" name="validationOfTestsOnCovidPageWeb" time="0.0">
    <ignored/>
  </testcase> <!-- validationOfTestsOnCovidPageWeb -->
  <testcase classname="com.absli.testcases.HealthDetailsTest" name="VerifyMedicalAilmentsQuestion5ParalysisWeb" time="0.0">
    <ignored/>
  </testcase> <!-- VerifyMedicalAilmentsQuestion5ParalysisWeb -->
  <testcase classname="com.absli.testcases.HealthDetailsTest" name="VerifyMedicalAilmentsQuestion7OthermusculoskeletaldisordersWeb" time="0.0">
    <ignored/>
  </testcase> <!-- VerifyMedicalAilmentsQuestion7OthermusculoskeletaldisordersWeb -->
  <testcase classname="com.absli.testcases.HealthDetailsTest" name="VerifyMedicalAilmentsQuestion7ArthritisWeb" time="0.0">
    <ignored/>
  </testcase> <!-- VerifyMedicalAilmentsQuestion7ArthritisWeb -->
  <testcase classname="com.absli.testcases.HealthDetailsTest" name="ValidationHealthOfFamilySisterDemiseWeb" time="0.0">
    <ignored/>
  </testcase> <!-- ValidationHealthOfFamilySisterDemiseWeb -->
  <testcase classname="com.absli.testcases.HealthDetailsTest" name="VerifyMedicalSpouseHealthWeb" time="0.0">
    <ignored/>
  </testcase> <!-- VerifyMedicalSpouseHealthWeb -->
  <testcase classname="com.absli.testcases.HealthDetailsTest" name="VerifyMedicalForFemaleLiveOnlyWeb" time="0.0">
    <ignored/>
  </testcase> <!-- VerifyMedicalForFemaleLiveOnlyWeb -->
  <testcase classname="com.absli.testcases.HealthDetailsTest" name="VerifyMedicalAilmentsQuestion2AsthmaWeb" time="0.0">
    <ignored/>
  </testcase> <!-- VerifyMedicalAilmentsQuestion2AsthmaWeb -->
  <testcase classname="com.absli.testcases.HealthDetailsTest" name="validationOfDiagnosedOnCovidPageWeb" time="0.0">
    <ignored/>
  </testcase> <!-- validationOfDiagnosedOnCovidPageWeb -->
  <testcase classname="com.absli.testcases.HealthDetailsTest" name="VerifyMedicalAilmentsAllTabExceptDizinessEpilepsyWeb" time="0.0">
    <ignored/>
  </testcase> <!-- VerifyMedicalAilmentsAllTabExceptDizinessEpilepsyWeb -->
  <testcase classname="com.absli.testcases.HealthDetailsTest" name="VerifyMedicalAilmentsQuestion1ChestPainWeb" time="0.0">
    <ignored/>
  </testcase> <!-- VerifyMedicalAilmentsQuestion1ChestPainWeb -->
  <testcase classname="com.absli.testcases.HealthDetailsTest" name="UserFillAllDetailsOnHealthFamilyMedicalPageWeb" time="0.0">
    <ignored/>
  </testcase> <!-- UserFillAllDetailsOnHealthFamilyMedicalPageWeb -->
  <testcase classname="com.absli.testcases.HealthDetailsTest" name="HealthDetailsPersonalWeightChangeWeb" time="0.0">
    <ignored/>
  </testcase> <!-- HealthDetailsPersonalWeightChangeWeb -->
  <testcase classname="com.absli.testcases.HealthDetailsTest" name="VerifyMedicalOtherSymptomsWeb" time="0.0">
    <ignored/>
  </testcase> <!-- VerifyMedicalOtherSymptomsWeb -->
  <testcase classname="com.absli.testcases.HealthDetailsTest" name="VerifyLifeStyleTravellAllTextPresentWeb" time="0.0">
    <ignored/>
  </testcase> <!-- VerifyLifeStyleTravellAllTextPresentWeb -->
  <testcase classname="com.absli.testcases.HealthDetailsTest" name="ValidationHealthOfFamilySisterLivingWeb" time="0.0">
    <ignored/>
  </testcase> <!-- ValidationHealthOfFamilySisterLivingWeb -->
  <testcase classname="com.absli.testcases.HealthDetailsTest" name="ValidationHealthOfFamilyMotherDemiseWeb" time="0.0">
    <ignored/>
  </testcase> <!-- ValidationHealthOfFamilyMotherDemiseWeb -->
  <testcase classname="com.absli.testcases.HealthDetailsTest" name="ValidationHealthOfFamilyBrotherDemiseWeb" time="0.0">
    <ignored/>
  </testcase> <!-- ValidationHealthOfFamilyBrotherDemiseWeb -->
  <testcase classname="com.absli.testcases.HealthDetailsTest" name="ValidationHealthOfFamilyMotherLivingWeb" time="0.0">
    <ignored/>
  </testcase> <!-- ValidationHealthOfFamilyMotherLivingWeb -->
  <testcase classname="com.absli.testcases.HealthDetailsTest" name="VerifyLifeStylAllTextPresentWeb" time="0.0">
    <ignored/>
  </testcase> <!-- VerifyLifeStylAllTextPresentWeb -->
  <testcase classname="com.absli.testcases.HealthDetailsTest" name="VerifyMedicalHistoryAbsentFromWorkWeb" time="0.0">
    <ignored/>
  </testcase> <!-- VerifyMedicalHistoryAbsentFromWorkWeb -->
  <testcase classname="com.absli.testcases.HealthDetailsTest" name="VerifyMedicalAilmentsQuestion3DiabetesWeb" time="0.0">
    <ignored/>
  </testcase> <!-- VerifyMedicalAilmentsQuestion3DiabetesWeb -->
  <testcase classname="com.absli.testcases.HealthDetailsTest" name="VerifyLifeStyleAllByDefaultAsNoWeb" time="0.0">
    <ignored/>
  </testcase> <!-- VerifyLifeStyleAllByDefaultAsNoWeb -->
  <testcase classname="com.absli.testcases.HealthDetailsTest" name="validationOfOnCovidContactCovidPageWeb" time="0.0">
    <ignored/>
  </testcase> <!-- validationOfOnCovidContactCovidPageWeb -->
  <testcase classname="com.absli.testcases.HealthDetailsTest" name="VerifyHealthDetailsLifeStyleHazardousWeb" time="0.0">
    <ignored/>
  </testcase> <!-- VerifyHealthDetailsLifeStyleHazardousWeb -->
  <testcase classname="com.absli.testcases.HealthDetailsTest" name="VerifyMedicalHaveyousufferedFromWeb" time="0.0">
    <ignored/>
  </testcase> <!-- VerifyMedicalHaveyousufferedFromWeb -->
  <testcase classname="com.absli.testcases.HealthDetailsTest" name="VerifyMedicalAilmentsQuestion6KidneyWeb" time="0.0">
    <ignored/>
  </testcase> <!-- VerifyMedicalAilmentsQuestion6KidneyWeb -->
  <testcase classname="com.absli.testcases.HealthDetailsTest" name="VerifyMedicalAilmentsAllTabExceptAsthmaAndChronicCoughWeb" time="0.0">
    <ignored/>
  </testcase> <!-- VerifyMedicalAilmentsAllTabExceptAsthmaAndChronicCoughWeb -->
  <testcase classname="com.absli.testcases.HealthDetailsTest" name="HealthDetailsPersonalWaightValidationWeb" time="0.0">
    <ignored/>
  </testcase> <!-- HealthDetailsPersonalWaightValidationWeb -->
  <testcase classname="com.absli.testcases.HealthDetailsTest" name="VerifyMedicalAilmentsQuestion4UlcerWeb" time="0.0">
    <ignored/>
  </testcase> <!-- VerifyMedicalAilmentsQuestion4UlcerWeb -->
  <testcase classname="com.absli.testcases.HealthDetailsTest" name="HealthDetailsPersonalHeightFeetValidationWeb" time="0.0">
    <ignored/>
  </testcase> <!-- HealthDetailsPersonalHeightFeetValidationWeb -->
  <testcase classname="com.absli.testcases.HealthDetailsTest" name="VerifyMedicalHistoryDisorderWeb" time="0.0">
    <ignored/>
  </testcase> <!-- VerifyMedicalHistoryDisorderWeb -->
  <testcase classname="com.absli.testcases.HealthDetailsTest" name="VerifyMedicalAilmentsQuestion9TumorWeb" time="0.0">
    <ignored/>
  </testcase> <!-- VerifyMedicalAilmentsQuestion9TumorWeb -->
  <testcase classname="com.absli.testcases.HealthDetailsTest" name="VerifyMedicalAilmentsQuestion7MuscleDisorderAndBoneFractureWeb" time="0.0">
    <ignored/>
  </testcase> <!-- VerifyMedicalAilmentsQuestion7MuscleDisorderAndBoneFractureWeb -->
  <testcase classname="com.absli.testcases.HealthDetailsTest" name="validationOfSymptomsOnCovidPageWeb" time="0.0">
    <ignored/>
  </testcase> <!-- validationOfSymptomsOnCovidPageWeb -->
  <testcase classname="com.absli.testcases.HealthDetailsTest" name="HealthDetailsLifeStyleNarcoticsWeb" time="0.0">
    <ignored/>
  </testcase> <!-- HealthDetailsLifeStyleNarcoticsWeb -->
  <testcase classname="com.absli.testcases.HealthDetailsTest" name="VerifyMedicalAilmentsQuestion10OthersWeb" time="0.0">
    <ignored/>
  </testcase> <!-- VerifyMedicalAilmentsQuestion10OthersWeb -->
  <testcase classname="com.absli.testcases.HealthDetailsTest" name="VerifyMedicalHaveyousufferedFromDateValidationWeb" time="0.0">
    <ignored/>
  </testcase> <!-- VerifyMedicalHaveyousufferedFromDateValidationWeb -->
  <testcase classname="com.absli.testcases.HealthDetailsTest" name="VerifyHealthDetailsLifeStyleTobaccoNicotineWeb" time="0.0">
    <ignored/>
  </testcase> <!-- VerifyHealthDetailsLifeStyleTobaccoNicotineWeb -->
  <testcase classname="com.absli.testcases.HealthDetailsTest" name="ValidationHealthOfFamilyFatherLivingWeb" time="0.0">
    <ignored/>
  </testcase> <!-- ValidationHealthOfFamilyFatherLivingWeb -->
  <testcase classname="com.absli.testcases.HealthDetailsTest" name="ValidationHealthOfFamilFatherDemiseWeb" time="0.0">
    <ignored/>
  </testcase> <!-- ValidationHealthOfFamilFatherDemiseWeb -->
</testsuite> <!-- Test1 -->
