<?xml version="1.0" encoding="UTF-8"?>
<!-- Generated by org.testng.reporters.JUnitReportReporter -->
<testsuite hostname="LAPTOP-8KATJP3L" failures="0" tests="1" name="com.absli.testcases.DashboardPageTest" time="0.347" errors="1" timestamp="19 Aug 2022 08:42:29 GMT" skipped="0">
  <testcase classname="com.absli.testcases.DashboardPageTest" name="UserSeeApplicationNumberOfCustomerFullNameAndroid" time="0.347">
    <error message="An element could not be located on the page using the given search parameters.
For documentation on this error, please visit: http://seleniumhq.org/exceptions/no_such_element.html
Build info: version: &#039;3.14.0&#039;, revision: &#039;aacccce0&#039;, time: &#039;2018-08-02T20:19:58.91Z&#039;
System info: host: &#039;LAPTOP-8KATJP3L&#039;, ip: &#039;192.168.1.187&#039;, os.name: &#039;Windows 11&#039;, os.arch: &#039;amd64&#039;, os.version: &#039;10.0&#039;, java.version: &#039;18.0.2&#039;
Driver info: io.appium.java_client.android.AndroidDriver
Capabilities {app: /opt/build/raid-data/data/u..., appActivity: com.absli.leap.MainActivity, appPackage: com.absli.leap, automationName: uiautomator2, databaseEnabled: false, desired: {app: /opt/build/raid-data/data/u..., appActivity: com.absli.leap.MainActivity, appPackage: com.absli.leap, automationName: uiautomator2, deviceName: 680, launchTimeout: 90000, newCommandTimeout: 600, pCloudy_ApiKey: 922n5q44kb6qdnqxm63qpc7y, pCloudy_ApplicationName: 20220816_1302.apk, pCloudy_DeviceManafacturer: Samsung, pCloudy_DeviceVersion: 10.0.0, pCloudy_DurationInMinutes: 20, pCloudy_Username: ayush.kumar1-v@adityabirlac..., platformName: android, platformVersion: 10.0.0, systemPort: 30064}, deviceApiLevel: 29, deviceManufacturer: samsung, deviceModel: SM-T835, deviceName: ce12182c280958fe0b7e, deviceScreenDensity: 320, deviceScreenSize: 2560x1600, deviceUDID: ce12182c280958fe0b7e, javascriptEnabled: true, launchTimeout: 90000, locationContextEnabled: false, networkConnectionEnabled: true, newCommandTimeout: 600, pCloudy_ApiKey: 922n5q44kb6qdnqxm63qpc7y, pCloudy_ApplicationName: 20220816_1302.apk, pCloudy_DeviceManafacturer: Samsung, pCloudy_DeviceVersion: 10.0.0, pCloudy_DurationInMinutes: 20, pCloudy_Username: ayush.kumar1-v@adityabirlac..., pixelRatio: 2, platform: LINUX, platformName: Android, platformVersion: 10, statBarHeight: 48, systemPort: 30064, takesScreenshot: true, viewportRect: {height: 2416, left: 0, top: 48, width: 1600}, warnings: {}, webStorageEnabled: false}
Session ID: 0c5ab8ac-11a0-40a7-8c1c-521ea2799d01
*** Element info: {Using=xpath, value=//*[@content-desc=&#039;userName&#039;]}" type="org.openqa.selenium.NoSuchElementException">
      <![CDATA[org.openqa.selenium.NoSuchElementException: An element could not be located on the page using the given search parameters.
For documentation on this error, please visit: http://seleniumhq.org/exceptions/no_such_element.html
Build info: version: '3.14.0', revision: 'aacccce0', time: '2018-08-02T20:19:58.91Z'
System info: host: 'LAPTOP-8KATJP3L', ip: '192.168.1.187', os.name: 'Windows 11', os.arch: 'amd64', os.version: '10.0', java.version: '18.0.2'
Driver info: io.appium.java_client.android.AndroidDriver
Capabilities {app: /opt/build/raid-data/data/u..., appActivity: com.absli.leap.MainActivity, appPackage: com.absli.leap, automationName: uiautomator2, databaseEnabled: false, desired: {app: /opt/build/raid-data/data/u..., appActivity: com.absli.leap.MainActivity, appPackage: com.absli.leap, automationName: uiautomator2, deviceName: 680, launchTimeout: 90000, newCommandTimeout: 600, pCloudy_ApiKey: 922n5q44kb6qdnqxm63qpc7y, pCloudy_ApplicationName: 20220816_1302.apk, pCloudy_DeviceManafacturer: Samsung, pCloudy_DeviceVersion: 10.0.0, pCloudy_DurationInMinutes: 20, pCloudy_Username: ayush.kumar1-v@adityabirlac..., platformName: android, platformVersion: 10.0.0, systemPort: 30064}, deviceApiLevel: 29, deviceManufacturer: samsung, deviceModel: SM-T835, deviceName: ce12182c280958fe0b7e, deviceScreenDensity: 320, deviceScreenSize: 2560x1600, deviceUDID: ce12182c280958fe0b7e, javascriptEnabled: true, launchTimeout: 90000, locationContextEnabled: false, networkConnectionEnabled: true, newCommandTimeout: 600, pCloudy_ApiKey: 922n5q44kb6qdnqxm63qpc7y, pCloudy_ApplicationName: 20220816_1302.apk, pCloudy_DeviceManafacturer: Samsung, pCloudy_DeviceVersion: 10.0.0, pCloudy_DurationInMinutes: 20, pCloudy_Username: ayush.kumar1-v@adityabirlac..., pixelRatio: 2, platform: LINUX, platformName: Android, platformVersion: 10, statBarHeight: 48, systemPort: 30064, takesScreenshot: true, viewportRect: {height: 2416, left: 0, top: 48, width: 1600}, warnings: {}, webStorageEnabled: false}
Session ID: 0c5ab8ac-11a0-40a7-8c1c-521ea2799d01
*** Element info: {Using=xpath, value=//*[@content-desc='userName']}
	at java.base/jdk.internal.reflect.DirectConstructorHandleAccessor.newInstance(DirectConstructorHandleAccessor.java:67)
	at java.base/java.lang.reflect.Constructor.newInstanceWithCaller(Constructor.java:499)
	at java.base/java.lang.reflect.Constructor.newInstance(Constructor.java:483)
	at org.openqa.selenium.remote.http.W3CHttpResponseCodec.createException(W3CHttpResponseCodec.java:187)
	at org.openqa.selenium.remote.http.W3CHttpResponseCodec.decode(W3CHttpResponseCodec.java:122)
	at org.openqa.selenium.remote.http.W3CHttpResponseCodec.decode(W3CHttpResponseCodec.java:49)
	at org.openqa.selenium.remote.HttpCommandExecutor.execute(HttpCommandExecutor.java:158)
	at io.appium.java_client.remote.AppiumCommandExecutor.execute(AppiumCommandExecutor.java:231)
	at org.openqa.selenium.remote.RemoteWebDriver.execute(RemoteWebDriver.java:548)
	at io.appium.java_client.DefaultGenericMobileDriver.execute(DefaultGenericMobileDriver.java:42)
	at io.appium.java_client.AppiumDriver.execute(AppiumDriver.java:1)
	at io.appium.java_client.android.AndroidDriver.execute(AndroidDriver.java:1)
	at org.openqa.selenium.remote.RemoteWebDriver.findElement(RemoteWebDriver.java:322)
	at io.appium.java_client.DefaultGenericMobileDriver.findElement(DefaultGenericMobileDriver.java:62)
	at io.appium.java_client.AppiumDriver.findElement(AppiumDriver.java:1)
	at io.appium.java_client.android.AndroidDriver.findElement(AndroidDriver.java:1)
	at org.openqa.selenium.remote.RemoteWebDriver.findElementByXPath(RemoteWebDriver.java:424)
	at io.appium.java_client.DefaultGenericMobileDriver.findElementByXPath(DefaultGenericMobileDriver.java:152)
	at io.appium.java_client.AppiumDriver.findElementByXPath(AppiumDriver.java:1)
	at io.appium.java_client.android.AndroidDriver.findElementByXPath(AndroidDriver.java:1)
	at org.openqa.selenium.By$ByXPath.findElement(By.java:353)
	at org.openqa.selenium.remote.RemoteWebDriver.findElement(RemoteWebDriver.java:314)
	at io.appium.java_client.DefaultGenericMobileDriver.findElement(DefaultGenericMobileDriver.java:58)
	at io.appium.java_client.AppiumDriver.findElement(AppiumDriver.java:1)
	at io.appium.java_client.android.AndroidDriver.findElement(AndroidDriver.java:1)
	at com.absli.pageObjects.LoginPage.enterUserNameAndroid(LoginPage.java:38)
	at com.absli.testcases.DashboardPageTest.UserSeeApplicationNumberOfCustomerFullNameAndroid(DashboardPageTest.java:415)
	at java.base/jdk.internal.reflect.DirectMethodHandleAccessor.invoke(DirectMethodHandleAccessor.java:104)
	at java.base/java.lang.reflect.Method.invoke(Method.java:577)
	at org.testng.internal.MethodInvocationHelper.invokeMethod(MethodInvocationHelper.java:108)
	at org.testng.internal.Invoker.invokeMethod(Invoker.java:661)
	at org.testng.internal.Invoker.invokeTestMethod(Invoker.java:869)
	at org.testng.internal.Invoker.invokeTestMethods(Invoker.java:1193)
	at org.testng.internal.TestMethodWorker.invokeTestMethods(TestMethodWorker.java:126)
	at org.testng.internal.TestMethodWorker.run(TestMethodWorker.java:109)
	at org.testng.TestRunner.privateRun(TestRunner.java:744)
	at org.testng.TestRunner.run(TestRunner.java:602)
	at org.testng.SuiteRunner.runTest(SuiteRunner.java:380)
	at org.testng.SuiteRunner.runSequentially(SuiteRunner.java:375)
	at org.testng.SuiteRunner.privateRun(SuiteRunner.java:340)
	at org.testng.SuiteRunner.run(SuiteRunner.java:289)
	at org.testng.SuiteRunnerWorker.runSuite(SuiteRunnerWorker.java:52)
	at org.testng.SuiteRunnerWorker.run(SuiteRunnerWorker.java:86)
	at org.testng.TestNG.runSuitesSequentially(TestNG.java:1301)
	at org.testng.TestNG.runSuitesLocally(TestNG.java:1226)
	at org.testng.TestNG.runSuites(TestNG.java:1144)
	at org.testng.TestNG.run(TestNG.java:1115)
	at org.testng.remote.AbstractRemoteTestNG.run(AbstractRemoteTestNG.java:115)
	at org.testng.remote.RemoteTestNG.initAndRun(RemoteTestNG.java:251)
	at org.testng.remote.RemoteTestNG.main(RemoteTestNG.java:77)
]]>
    </error>
  </testcase> <!-- UserSeeApplicationNumberOfCustomerFullNameAndroid -->
</testsuite> <!-- com.absli.testcases.DashboardPageTest -->
